<?xml version="1.0" encoding="UTF-8"?>
<testng-results ignored="0" total="3" passed="3" failed="0" skipped="0">
  <reporter-output>
  </reporter-output>
  <suite started-at="2023-06-25T15:25:44 IST" name="Default suite" finished-at="2023-06-25T15:25:50 IST" duration-ms="6542">
    <groups>
    </groups>
    <test started-at="2023-06-25T15:25:44 IST" name="Default test" finished-at="2023-06-25T15:25:50 IST" duration-ms="6542">
      <class name="cpm.crm.qa.test.LoginPageTest">
        <test-method signature="setup()[pri:0, instance:cpm.crm.qa.test.LoginPageTest@fa49800]" started-at="2023-06-25T15:25:44 IST" name="setup" finished-at="2023-06-25T15:25:48 IST" duration-ms="4356" status="PASS">
          <reporter-output>
          </reporter-output>
        </test-method> <!-- setup -->
        <test-method signature="loginPageTitleTest()[pri:1, instance:cpm.crm.qa.test.LoginPageTest@fa49800]" started-at="2023-06-25T15:25:48 IST" name="loginPageTitleTest" finished-at="2023-06-25T15:25:48 IST" duration-ms="17" status="PASS">
          <reporter-output>
          </reporter-output>
        </test-method> <!-- loginPageTitleTest -->
        <test-method signature="loginTest()[pri:2, instance:cpm.crm.qa.test.LoginPageTest@fa49800]" started-at="2023-06-25T15:25:48 IST" name="loginTest" finished-at="2023-06-25T15:25:50 IST" duration-ms="2086" status="PASS">
          <reporter-output>
          </reporter-output>
        </test-method> <!-- loginTest -->
      </class> <!-- cpm.crm.qa.test.LoginPageTest -->
    </test> <!-- Default test -->
  </suite> <!-- Default suite -->
</testng-results>
