<?xml version="1.0" encoding="UTF-8"?>
<!-- Generated by org.testng.reporters.JUnitXMLReporter -->
<testsuite ignored="0" hostname="DESKTOP-8QG1T86" failures="0" tests="3" name="Default test" time="6.542" errors="0" timestamp="2023-06-25T15:25:50 IST">
  <testcase classname="cpm.crm.qa.test.LoginPageTest" name="setup" time="4.356"/>
  <testcase classname="cpm.crm.qa.test.LoginPageTest" name="loginPageTitleTest" time="0.017"/>
  <testcase classname="cpm.crm.qa.test.LoginPageTest" name="loginTest" time="2.086"/>
</testsuite> <!-- Default test -->
